#
# A fatal error has been detected by the Java Runtime Environment:
#
#  Internal Error (javaCalls.cpp:51), pid=62395, tid=0x0000000000001c07
#  guarantee(thread->is_Java_thread()) failed: crucial check - the VM thread cannot and must not escape to Java code
#
# JRE version: Java(TM) SE Runtime Environment (8.0_221-b11) (build 1.8.0_221-b11)
# Java VM: Java HotSpot(TM) 64-Bit Server VM (25.221-b11 mixed mode bsd-amd64 compressed oops)
# Failed to write core dump. Core dumps have been disabled. To enable core dumping, try "ulimit -c unlimited" before starting Java again
#
# If you would like to submit a bug report, please visit:
#   http://bugreport.java.com/bugreport/crash.jsp
#

---------------  T H R E A D  ---------------

Current thread (0x00007fc5c080c800):  GCTaskThread [stack: 0x000070000ba70000,0x000070000bb70000] [id=7175]

Stack: [0x000070000ba70000,0x000070000bb70000],  sp=0x000070000bb6e6a0,  free space=1017k
Native frames: (J=compiled Java code, j=interpreted, Vv=VM code, C=native code)
V  [libjvm.dylib+0x5b6994]
V  [libjvm.dylib+0x1e9bdd]
V  [libjvm.dylib+0x2f03c0]
V  [libjvm.dylib+0x2f0c78]
V  [libjvm.dylib+0x2f11ab]
V  [libjvm.dylib+0x24478f]
V  [libjvm.dylib+0x24488a]
V  [libjvm.dylib+0x244ae9]
V  [libjvm.dylib+0x244b04]
V  [libjvm.dylib+0x2889a3]
V  [libjvm.dylib+0x289002]
V  [libjvm.dylib+0x28b72f]
V  [libjvm.dylib+0x28b857]
V  [libjvm.dylib+0x28bdee]
V  [libjvm.dylib+0x28c207]
V  [libjvm.dylib+0x4861f5]
V  [libjvm.dylib+0x4863fe]
V  [libjvm.dylib+0x4865df]
V  [libjvm.dylib+0x486896]
V  [libjvm.dylib+0x2c3b34]
V  [libjvm.dylib+0x453f21]
V  [libjvm.dylib+0x24cf7c]
V  [libjvm.dylib+0x571870]
V  [libjvm.dylib+0x4cf65c]
V  [libjvm.dylib+0x27949b]
V  [libjvm.dylib+0x48f30a]
C  [libsystem_pthread.dylib+0x6109]  _pthread_start+0x94
C  [libsystem_pthread.dylib+0x1b8b]  thread_start+0xf

JavaThread 0x00007fc5c000a800 (nid = 3331) was being processed
Java frames: (J=compiled Java code, j=interpreted, Vv=VM code)
j  ca.mcgill.ecse.flexibook.features.CucumberStepDefinitions.attempts_to_add_the_optional_service_to_the_service_combo_in_the_appointment_at(Ljava/lang/String;Ljava/lang/String;Ljava/lang/String;)V+21
v  ~StubRoutines::call_stub
j  sun.reflect.NativeMethodAccessorImpl.invoke0(Ljava/lang/reflect/Method;Ljava/lang/Object;[Ljava/lang/Object;)Ljava/lang/Object;+0
j  sun.reflect.NativeMethodAccessorImpl.invoke(Ljava/lang/Object;[Ljava/lang/Object;)Ljava/lang/Object;+100
J 2101 C1 sun.reflect.DelegatingMethodAccessorImpl.invoke(Ljava/lang/Object;[Ljava/lang/Object;)Ljava/lang/Object; (10 bytes) @ 0x000000010e656f2c [0x000000010e656e00+0x12c]
J 1896 C1 java.lang.reflect.Method.invoke(Ljava/lang/Object;[Ljava/lang/Object;)Ljava/lang/Object; (62 bytes) @ 0x000000010e5d048c [0x000000010e5d0320+0x16c]
j  io.cucumber.java.Invoker.doInvoke(Lio/cucumber/core/backend/Located;Ljava/lang/Object;Ljava/lang/reflect/Method;[Ljava/lang/Object;)Ljava/lang/Object;+14
j  io.cucumber.java.Invoker.invoke(Lio/cucumber/core/backend/Located;Ljava/lang/Object;Ljava/lang/reflect/Method;[Ljava/lang/Object;)Ljava/lang/Object;+12
j  io.cucumber.java.AbstractGlueDefinition.invokeMethod([Ljava/lang/Object;)Ljava/lang/Object;+45
j  io.cucumber.java.JavaStepDefinition.execute([Ljava/lang/Object;)V+2
j  io.cucumber.core.runner.CoreStepDefinition.execute([Ljava/lang/Object;)V+5
j  io.cucumber.core.runner.PickleStepDefinitionMatch.runStep(Lio/cucumber/core/backend/TestCaseState;)V+173
j  io.cucumber.core.runner.TestStep.executeStep(Lio/cucumber/core/runner/TestCaseState;Z)Lio/cucumber/plugin/event/Status;+17
j  io.cucumber.core.runner.TestStep.run(Lio/cucumber/plugin/event/TestCase;Lio/cucumber/core/eventbus/EventBus;Lio/cucumber/core/runner/TestCaseState;Z)Z+27
j  io.cucumber.core.runner.PickleStepTestStep.run(Lio/cucumber/plugin/event/TestCase;Lio/cucumber/core/eventbus/EventBus;Lio/cucumber/core/runner/TestCaseState;Z)Z+63
j  io.cucumber.core.runner.TestCase.run(Lio/cucumber/core/eventbus/EventBus;)V+139
j  io.cucumber.core.runner.Runner.runPickle(Lio/cucumber/core/gherkin/Pickle;)V+38
j  io.cucumber.junit.PickleRunners$NoStepDescriptions.run(Lorg/junit/runner/notification/RunNotifier;)V+37
j  io.cucumber.junit.FeatureRunner.runChild(Lio/cucumber/junit/PickleRunners$PickleRunner;Lorg/junit/runner/notification/RunNotifier;)V+11
j  io.cucumber.junit.FeatureRunner.runChild(Ljava/lang/Object;Lorg/junit/runner/notification/RunNotifier;)V+6
j  org.junit.runners.ParentRunner$4.run()V+12
j  org.junit.runners.ParentRunner$1.schedule(Ljava/lang/Runnable;)V+1
j  org.junit.runners.ParentRunner.runChildren(Lorg/junit/runner/notification/RunNotifier;)V+44
j  org.junit.runners.ParentRunner.access$100(Lorg/junit/runners/ParentRunner;Lorg/junit/runner/notification/RunNotifier;)V+2
j  org.junit.runners.ParentRunner$2.evaluate()V+8
j  org.junit.runners.ParentRunner$3.evaluate()V+4
j  org.junit.runners.ParentRunner.run(Lorg/junit/runner/notification/RunNotifier;)V+24
j  io.cucumber.junit.Cucumber.runChild(Lorg/junit/runners/ParentRunner;Lorg/junit/runner/notification/RunNotifier;)V+2
j  io.cucumber.junit.Cucumber.runChild(Ljava/lang/Object;Lorg/junit/runner/notification/RunNotifier;)V+6
j  org.junit.runners.ParentRunner$4.run()V+12
j  org.junit.runners.ParentRunner$1.schedule(Ljava/lang/Runnable;)V+1
j  org.junit.runners.ParentRunner.runChildren(Lorg/junit/runner/notification/RunNotifier;)V+44
j  org.junit.runners.ParentRunner.access$100(Lorg/junit/runners/ParentRunner;Lorg/junit/runner/notification/RunNotifier;)V+2
j  org.junit.runners.ParentRunner$2.evaluate()V+8
j  io.cucumber.junit.Cucumber$RunCucumber.evaluate()V+90
j  org.junit.runners.ParentRunner$3.evaluate()V+4
j  org.junit.runners.ParentRunner.run(Lorg/junit/runner/notification/RunNotifier;)V+24
j  org.junit.runner.JUnitCore.run(Lorg/junit/runner/Runner;)Lorg/junit/runner/Result;+37
j  org.junit.runner.JUnitCore.run(Lorg/junit/runner/Request;)Lorg/junit/runner/Result;+5
j  org.junit.vintage.engine.execution.RunnerExecutor.execute(Lorg/junit/vintage/engine/descriptor/RunnerTestDescriptor;)V+42
j  org.junit.vintage.engine.VintageTestEngine$$Lambda$234.accept(Ljava/lang/Object;)V+8
j  java.util.stream.ForEachOps$ForEachOp$OfRef.accept(Ljava/lang/Object;)V+5
J 1519 C1 java.util.stream.ReferencePipeline$3$1.accept(Ljava/lang/Object;)V (23 bytes) @ 0x000000010e4def2c [0x000000010e4dee80+0xac]
j  java.util.Iterator.forEachRemaining(Ljava/util/function/Consumer;)V+21
j  java.util.Spliterators$IteratorSpliterator.forEachRemaining(Ljava/util/function/Consumer;)V+52
J 1770 C1 java.util.stream.AbstractPipeline.copyInto(Ljava/util/stream/Sink;Ljava/util/Spliterator;)V (53 bytes) @ 0x000000010e574bb4 [0x000000010e5746c0+0x4f4]
J 1577 C1 java.util.stream.AbstractPipeline.wrapAndCopyInto(Ljava/util/stream/Sink;Ljava/util/Spliterator;)Ljava/util/stream/Sink; (18 bytes) @ 0x000000010e4f6bbc [0x000000010e4f6b20+0x9c]
j  java.util.stream.ForEachOps$ForEachOp.evaluateSequential(Ljava/util/stream/PipelineHelper;Ljava/util/Spliterator;)Ljava/lang/Void;+3
j  java.util.stream.ForEachOps$ForEachOp$OfRef.evaluateSequential(Ljava/util/stream/PipelineHelper;Ljava/util/Spliterator;)Ljava/lang/Object;+3
J 1510 C1 java.util.stream.AbstractPipeline.evaluate(Ljava/util/stream/TerminalOp;)Ljava/lang/Object; (94 bytes) @ 0x000000010e4cff3c [0x000000010e4cfe20+0x11c]
j  java.util.stream.ReferencePipeline.forEach(Ljava/util/function/Consumer;)V+6
j  org.junit.vintage.engine.VintageTestEngine.executeAllChildren(Lorg/junit/vintage/engine/execution/RunnerExecutor;Lorg/junit/platform/engine/TestDescriptor;)V+39
j  org.junit.vintage.engine.VintageTestEngine.execute(Lorg/junit/platform/engine/ExecutionRequest;)V+38
j  org.junit.platform.launcher.core.DefaultLauncher.execute(Lorg/junit/platform/engine/TestEngine;Lorg/junit/platform/engine/ExecutionRequest;)V+2
j  org.junit.platform.launcher.core.DefaultLauncher.lambda$execute$6(Lorg/junit/platform/launcher/core/InternalTestPlan;Lorg/junit/platform/launcher/core/Root;Lorg/junit/platform/engine/ConfigurationParameters;Lorg/junit/platform/launcher/TestExecutionListener;)V+76
j  org.junit.platform.launcher.core.DefaultLauncher$$Lambda$227.accept(Ljava/lang/Object;)V+20
j  org.junit.platform.launcher.core.DefaultLauncher.withInterceptedStreams(Lorg/junit/platform/engine/ConfigurationParameters;Lorg/junit/platform/launcher/core/TestExecutionListenerRegistry;Ljava/util/function/Consumer;)V+43
j  org.junit.platform.launcher.core.DefaultLauncher.execute(Lorg/junit/platform/launcher/core/InternalTestPlan;[Lorg/junit/platform/launcher/TestExecutionListener;)V+33
j  org.junit.platform.launcher.core.DefaultLauncher.execute(Lorg/junit/platform/launcher/TestPlan;[Lorg/junit/platform/launcher/TestExecutionListener;)V+36
j  org.eclipse.jdt.internal.junit5.runner.JUnit5TestReference.run(Lorg/eclipse/jdt/internal/junit/runner/TestExecution;)V+30
j  org.eclipse.jdt.internal.junit.runner.TestExecution.run([Lorg/eclipse/jdt/internal/junit/runner/ITestReference;)V+17
j  org.eclipse.jdt.internal.junit.runner.RemoteTestRunner.runTests([Ljava/lang/String;Ljava/lang/String;Lorg/eclipse/jdt/internal/junit/runner/TestExecution;)V+62
j  org.eclipse.jdt.internal.junit.runner.RemoteTestRunner.runTests(Lorg/eclipse/jdt/internal/junit/runner/TestExecution;)V+10
j  org.eclipse.jdt.internal.junit.runner.RemoteTestRunner.run()V+70
j  org.eclipse.jdt.internal.junit.runner.RemoteTestRunner.main([Ljava/lang/String;)V+14
v  ~StubRoutines::call_stub

---------------  P R O C E S S  ---------------

Java Threads: ( => current thread )
  0x00007fc5c02d4000 JavaThread "ReaderThread" [_thread_in_native, id=16131, stack(0x000070000cba6000,0x000070000cca6000)]
  0x00007fc5bf82b000 JavaThread "Service Thread" daemon [_thread_blocked, id=15619, stack(0x000070000c9a0000,0x000070000caa0000)]
  0x00007fc5bf032000 JavaThread "C1 CompilerThread2" daemon [_thread_blocked, id=17667, stack(0x000070000c89d000,0x000070000c99d000)]
  0x00007fc5c0839000 JavaThread "C2 CompilerThread1" daemon [_thread_blocked, id=14851, stack(0x000070000c79a000,0x000070000c89a000)]
  0x00007fc5bf82a800 JavaThread "C2 CompilerThread0" daemon [_thread_blocked, id=14339, stack(0x000070000c697000,0x000070000c797000)]
  0x00007fc5bf021000 JavaThread "JDWP Command Reader" daemon [_thread_in_native, id=13827, stack(0x000070000c594000,0x000070000c694000)]
  0x00007fc5c0837000 JavaThread "JDWP Event Helper Thread" daemon [_thread_blocked, id=13571, stack(0x000070000c491000,0x000070000c591000)]
  0x00007fc5c0836800 JavaThread "JDWP Transport Listener: dt_socket" daemon [_thread_blocked, id=18439, stack(0x000070000c38e000,0x000070000c48e000)]
  0x00007fc5bf811800 JavaThread "Signal Dispatcher" daemon [_thread_blocked, id=18691, stack(0x000070000c28b000,0x000070000c38b000)]
  0x00007fc5c0031800 JavaThread "Finalizer" daemon [_thread_blocked, id=20995, stack(0x000070000c082000,0x000070000c182000)]
  0x00007fc5c002e800 JavaThread "Reference Handler" daemon [_thread_blocked, id=11267, stack(0x000070000bf7f000,0x000070000c07f000)]
  0x00007fc5c000a800 JavaThread "main" [_thread_blocked, id=3331, stack(0x000070000b96d000,0x000070000ba6d000)]

Other Threads:
  0x00007fc5bf80d000 VMThread [stack: 0x000070000be7c000,0x000070000bf7c000] [id=21251]
  0x00007fc5c0182000 WatcherThread [stack: 0x000070000caa3000,0x000070000cba3000] [id=17411]

=>0x00007fc5c080c800 (exited) GCTaskThread [stack: 0x000070000ba70000,0x000070000bb70000] [id=7175]

VM state:at safepoint (normal execution)

VM Mutex/Monitor currently owned by a thread:  ([mutex/lock_event])
[0x00007fc5bef0e390] Threads_lock - owner thread: 0x00007fc5bf80d000
[0x00007fc5bef0e890] Heap_lock - owner thread: 0x00007fc5c0836800

heap address: 0x0000000740000000, size: 2048 MB, Compressed Oops mode: Zero based, Oop shift amount: 3
Narrow klass base: 0x0000000000000000, Narrow klass shift: 3
Compressed class space size: 1073741824 Address: 0x00000007c0000000

Heap:
 PSYoungGen      total 74240K, used 30927K [0x0000000795580000, 0x000000079a780000, 0x00000007c0000000)
  eden space 66048K, 36% used [0x0000000795580000,0x0000000796d11240,0x0000000799600000)
  from space 8192K, 82% used [0x0000000799e80000,0x000000079a522c60,0x000000079a680000)
  to   space 8704K, 50% used [0x0000000799600000,0x0000000799a452f0,0x0000000799e80000)
 ParOldGen       total 87552K, used 4534K [0x0000000740000000, 0x0000000745580000, 0x0000000795580000)
  object space 87552K, 5% used [0x0000000740000000,0x000000074046d868,0x0000000745580000)
 Metaspace       used 19925K, capacity 21184K, committed 21248K, reserved 1069056K
  class space    used 2043K, capacity 2298K, committed 2304K, reserved 1048576K

Card table byte_map: [0x000000010640d000,0x000000010680e000] byte_map_base: 0x0000000102a0d000

Marking Bits: (ParMarkBitMap*) 0x00000001058fbe40
 Begin Bits: [0x0000000106ab9000, 0x0000000108ab9000)
 End Bits:   [0x0000000108ab9000, 0x000000010aab9000)

Polling page: 0x00000001047cb000

CodeCache: size=245760Kb used=8547Kb max_used=8559Kb free=237212Kb
 bounds [0x000000010df71000, 0x000000010e7e1000, 0x000000011cf71000]
 total_blobs=2951 nmethods=2578 adapters=294
 compilation: enabled

Compilation events (10 events):
Event: 4074.735 Thread 0x00007fc5c0839000 nmethod 2616 0x000000010e7684d0 code [0x000000010e768620, 0x000000010e768878]
Event: 5124.570 Thread 0x00007fc5c0839000 2617       4       org.eclipse.jdt.launching.internal.org.objectweb.asm.ClassReader::readConst (276 bytes)
Event: 5124.699 Thread 0x00007fc5c0839000 nmethod 2617 0x000000010e7b6b10 code [0x000000010e7b6f00, 0x000000010e7b94e8]
Event: 6206.880 Thread 0x00007fc5bf82a800 2618       4       org.eclipse.jdt.launching.internal.org.objectweb.asm.MethodWriter::visitLdcInsn (215 bytes)
Event: 6206.897 Thread 0x00007fc5bf82a800 nmethod 2618 0x000000010e7b53d0 code [0x000000010e7b55c0, 0x000000010e7b61e8]
Event: 7932.509 Thread 0x00007fc5c0839000 2619       4       org.eclipse.jdt.launching.internal.org.objectweb.asm.ClassReader::getFirstAttributeOffset (136 bytes)
Event: 7932.531 Thread 0x00007fc5c0839000 nmethod 2619 0x000000010e7ae990 code [0x000000010e7aeb20, 0x000000010e7af0b8]
Event: 8323.652 Thread 0x00007fc5bf82a800 2620       4       org.eclipse.jdt.launching.internal.org.objectweb.asm.ByteVector::put11 (52 bytes)
Event: 8323.659 Thread 0x00007fc5bf82a800 nmethod 2620 0x000000010e759d90 code [0x000000010e759ee0, 0x000000010e75a238]
Event: 10623.960 Thread 0x00007fc5bf82a800 2621       4       org.eclipse.jdt.launching.internal.org.objectweb.asm.ClassReader::accept (1251 bytes)

GC Heap History (10 events):
Event: 1.704 GC heap after
Heap after GC invocations=2 (full 0):
 PSYoungGen      total 38400K, used 4131K [0x0000000795580000, 0x0000000798000000, 0x00000007c0000000)
  eden space 33280K, 0% used [0x0000000795580000,0x0000000795580000,0x0000000797600000)
  from space 5120K, 80% used [0x0000000797b00000,0x0000000797f08cc8,0x0000000798000000)
  to   space 5120K, 0% used [0x0000000797600000,0x0000000797600000,0x0000000797b00000)
 ParOldGen       total 87552K, used 16K [0x0000000740000000, 0x0000000745580000, 0x0000000795580000)
  object space 87552K, 0% used [0x0000000740000000,0x0000000740004000,0x0000000745580000)
 Metaspace       used 11655K, capacity 12094K, committed 12288K, reserved 1060864K
  class space    used 1324K, capacity 1457K, committed 1536K, reserved 1048576K
}
Event: 2.132 GC heap before
{Heap before GC invocations=3 (full 0):
 PSYoungGen      total 38400K, used 37411K [0x0000000795580000, 0x0000000798000000, 0x00000007c0000000)
  eden space 33280K, 100% used [0x0000000795580000,0x0000000797600000,0x0000000797600000)
  from space 5120K, 80% used [0x0000000797b00000,0x0000000797f08cc8,0x0000000798000000)
  to   space 5120K, 0% used [0x0000000797600000,0x0000000797600000,0x0000000797b00000)
 ParOldGen       total 87552K, used 16K [0x0000000740000000, 0x0000000745580000, 0x0000000795580000)
  object space 87552K, 0% used [0x0000000740000000,0x0000000740004000,0x0000000745580000)
 Metaspace       used 12828K, capacity 13316K, committed 13568K, reserved 1060864K
  class space    used 1405K, capacity 1534K, committed 1536K, reserved 1048576K
Event: 2.138 GC heap after
Heap after GC invocations=3 (full 0):
 PSYoungGen      total 38400K, used 4680K [0x0000000795580000, 0x0000000798000000, 0x00000007c0000000)
  eden space 33280K, 0% used [0x0000000795580000,0x0000000795580000,0x0000000797600000)
  from space 5120K, 91% used [0x0000000797600000,0x0000000797a92068,0x0000000797b00000)
  to   space 5120K, 0% used [0x0000000797b00000,0x0000000797b00000,0x0000000798000000)
 ParOldGen       total 87552K, used 24K [0x0000000740000000, 0x0000000745580000, 0x0000000795580000)
  object space 87552K, 0% used [0x0000000740000000,0x0000000740006000,0x0000000745580000)
 Metaspace       used 12828K, capacity 13316K, committed 13568K, reserved 1060864K
  class space    used 1405K, capacity 1534K, committed 1536K, reserved 1048576K
}
Event: 2.417 GC heap before
{Heap before GC invocations=4 (full 0):
 PSYoungGen      total 38400K, used 37960K [0x0000000795580000, 0x0000000798000000, 0x00000007c0000000)
  eden space 33280K, 100% used [0x0000000795580000,0x0000000797600000,0x0000000797600000)
  from space 5120K, 91% used [0x0000000797600000,0x0000000797a92068,0x0000000797b00000)
  to   space 5120K, 0% used [0x0000000797b00000,0x0000000797b00000,0x0000000798000000)
 ParOldGen       total 87552K, used 24K [0x0000000740000000, 0x0000000745580000, 0x0000000795580000)
  object space 87552K, 0% used [0x0000000740000000,0x0000000740006000,0x0000000745580000)
 Metaspace       used 13697K, capacity 14440K, committed 14592K, reserved 1062912K
  class space    used 1526K, capacity 1680K, committed 1792K, reserved 1048576K
Event: 2.424 GC heap after
Heap after GC invocations=4 (full 0):
 PSYoungGen      total 38400K, used 5104K [0x0000000795580000, 0x000000079a080000, 0x00000007c0000000)
  eden space 33280K, 0% used [0x0000000795580000,0x0000000795580000,0x0000000797600000)
  from space 5120K, 99% used [0x0000000797b00000,0x0000000797ffc030,0x0000000798000000)
  to   space 5120K, 0% used [0x0000000797600000,0x0000000797600000,0x0000000797b00000)
 ParOldGen       total 87552K, used 647K [0x0000000740000000, 0x0000000745580000, 0x0000000795580000)
  object space 87552K, 0% used [0x0000000740000000,0x00000007400a1f00,0x0000000745580000)
 Metaspace       used 13697K, capacity 14440K, committed 14592K, reserved 1062912K
  class space    used 1526K, capacity 1680K, committed 1792K, reserved 1048576K
}
Event: 3.091 GC heap before
{Heap before GC invocations=5 (full 0):
 PSYoungGen      total 38400K, used 38384K [0x0000000795580000, 0x000000079a080000, 0x00000007c0000000)
  eden space 33280K, 100% used [0x0000000795580000,0x0000000797600000,0x0000000797600000)
  from space 5120K, 99% used [0x0000000797b00000,0x0000000797ffc030,0x0000000798000000)
  to   space 5120K, 0% used [0x0000000797600000,0x0000000797600000,0x0000000797b00000)
 ParOldGen       total 87552K, used 647K [0x0000000740000000, 0x0000000745580000, 0x0000000795580000)
  object space 87552K, 0% used [0x0000000740000000,0x00000007400a1f00,0x0000000745580000)
 Metaspace       used 15771K, capacity 16840K, committed 17024K, reserved 1064960K
  class space    used 1824K, capacity 2050K, committed 2176K, reserved 1048576K
Event: 3.101 GC heap after
Heap after GC invocations=5 (full 0):
 PSYoungGen      total 38400K, used 5107K [0x0000000795580000, 0x000000079a680000, 0x00000007c0000000)
  eden space 33280K, 0% used [0x0000000795580000,0x0000000795580000,0x0000000797600000)
  from space 5120K, 99% used [0x0000000797600000,0x0000000797afced0,0x0000000797b00000)
  to   space 8192K, 0% used [0x0000000799e80000,0x0000000799e80000,0x000000079a680000)
 ParOldGen       total 87552K, used 2491K [0x0000000740000000, 0x0000000745580000, 0x0000000795580000)
  object space 87552K, 2% used [0x0000000740000000,0x000000074026eef8,0x0000000745580000)
 Metaspace       used 15771K, capacity 16840K, committed 17024K, reserved 1064960K
  class space    used 1824K, capacity 2050K, committed 2176K, reserved 1048576K
}
Event: 3.704 GC heap before
{Heap before GC invocations=6 (full 0):
 PSYoungGen      total 38400K, used 38387K [0x0000000795580000, 0x000000079a680000, 0x00000007c0000000)
  eden space 33280K, 100% used [0x0000000795580000,0x0000000797600000,0x0000000797600000)
  from space 5120K, 99% used [0x0000000797600000,0x0000000797afced0,0x0000000797b00000)
  to   space 8192K, 0% used [0x0000000799e80000,0x0000000799e80000,0x000000079a680000)
 ParOldGen       total 87552K, used 2491K [0x0000000740000000, 0x0000000745580000, 0x0000000795580000)
  object space 87552K, 2% used [0x0000000740000000,0x000000074026eef8,0x0000000745580000)
 Metaspace       used 17710K, capacity 19000K, committed 19200K, reserved 1067008K
  class space    used 2024K, capacity 2298K, committed 2304K, reserved 1048576K
Event: 3.718 GC heap after
Heap after GC invocations=6 (full 0):
 PSYoungGen      total 74240K, used 6795K [0x0000000795580000, 0x000000079a780000, 0x00000007c0000000)
  eden space 66048K, 0% used [0x0000000795580000,0x0000000795580000,0x0000000799600000)
  from space 8192K, 82% used [0x0000000799e80000,0x000000079a522c60,0x000000079a680000)
  to   space 8704K, 0% used [0x0000000799600000,0x0000000799600000,0x0000000799e80000)
 ParOldGen       total 87552K, used 2499K [0x0000000740000000, 0x0000000745580000, 0x0000000795580000)
  object space 87552K, 2% used [0x0000000740000000,0x0000000740270ef8,0x0000000745580000)
 Metaspace       used 17710K, capacity 19000K, committed 19200K, reserved 1067008K
  class space    used 2024K, capacity 2298K, committed 2304K, reserved 1048576K
}
Event: 10623.962 GC heap before
{Heap before GC invocations=7 (full 0):
 PSYoungGen      total 74240K, used 30927K [0x0000000795580000, 0x000000079a780000, 0x00000007c0000000)
  eden space 66048K, 36% used [0x0000000795580000,0x0000000796d110c8,0x0000000799600000)
  from space 8192K, 82% used [0x0000000799e80000,0x000000079a522c60,0x000000079a680000)
  to   space 8704K, 0% used [0x0000000799600000,0x0000000799600000,0x0000000799e80000)
 ParOldGen       total 87552K, used 2499K [0x0000000740000000, 0x0000000745580000, 0x0000000795580000)
  object space 87552K, 2% used [0x0000000740000000,0x0000000740270ef8,0x0000000745580000)
 Metaspace       used 19925K, capacity 21184K, committed 21248K, reserved 1069056K
  class space    used 2043K, capacity 2298K, committed 2304K, reserved 1048576K

Deoptimization events (10 events):
Event: 2.749 Thread 0x00007fc5c000a800 Uncommon trap: reason=bimorphic action=maybe_recompile pc=0x000000010e5509ac method=java.util.regex.Pattern$Curly.match(Ljava/util/regex/Matcher;ILjava/lang/CharSequence;)Z @ 19
Event: 2.749 Thread 0x00007fc5c000a800 Uncommon trap: reason=bimorphic action=maybe_recompile pc=0x000000010e5509ac method=java.util.regex.Pattern$Curly.match(Ljava/util/regex/Matcher;ILjava/lang/CharSequence;)Z @ 19
Event: 2.750 Thread 0x00007fc5c000a800 Uncommon trap: reason=bimorphic action=maybe_recompile pc=0x000000010e5509ac method=java.util.regex.Pattern$Curly.match(Ljava/util/regex/Matcher;ILjava/lang/CharSequence;)Z @ 19
Event: 2.750 Thread 0x00007fc5c000a800 Uncommon trap: reason=bimorphic action=maybe_recompile pc=0x000000010e5509ac method=java.util.regex.Pattern$Curly.match(Ljava/util/regex/Matcher;ILjava/lang/CharSequence;)Z @ 19
Event: 3.061 Thread 0x00007fc5c000a800 Uncommon trap: reason=unstable_if action=reinterpret pc=0x000000010e606d38 method=jdk.internal.org.objectweb.asm.Type.getArgumentsAndReturnSizes(Ljava/lang/String;)I @ 41
Event: 3.140 Thread 0x00007fc5c000a800 Uncommon trap: reason=unstable_if action=reinterpret pc=0x000000010e521c4c method=java.util.regex.Pattern$BmpCharProperty.match(Ljava/util/regex/Matcher;ILjava/lang/CharSequence;)Z @ 34
Event: 3.222 Thread 0x00007fc5c000a800 Uncommon trap: reason=unstable_if action=reinterpret pc=0x000000010e51dfbc method=java.util.Spliterators$2Adapter.nextInt()I @ 4
Event: 3.384 Thread 0x00007fc5c000a800 Uncommon trap: reason=unstable_if action=reinterpret pc=0x000000010e541b7c method=java.util.regex.Pattern.bitsOrSingle(Ljava/util/regex/Pattern$BitClass;I)Ljava/util/regex/Pattern$CharProperty; @ 12
Event: 3.384 Thread 0x00007fc5c000a800 Uncommon trap: reason=unstable_if action=reinterpret pc=0x000000010e5522a8 method=java.util.regex.Pattern$BitClass.add(II)Ljava/util/regex/Pattern$BitClass; @ 28
Event: 3.384 Thread 0x00007fc5c000a800 Uncommon trap: reason=unstable_if action=reinterpret pc=0x000000010e55266c method=java.util.regex.Pattern.bitsOrSingle(Ljava/util/regex/Pattern$BitClass;I)Ljava/util/regex/Pattern$CharProperty; @ 12

Classes redefined (10 events):
Event: 8826.462 Thread 0x00007fc5bf80d000 redefined class name=ca.mcgill.ecse223.flexibook.controller.FlexiBookController, count=13
Event: 8927.358 Thread 0x00007fc5bf80d000 redefined class name=ca.mcgill.ecse223.flexibook.controller.FlexiBookController, count=14
Event: 9221.576 Thread 0x00007fc5bf80d000 redefined class name=ca.mcgill.ecse223.flexibook.controller.FlexiBookController, count=15
Event: 9231.763 Thread 0x00007fc5bf80d000 redefined class name=ca.mcgill.ecse223.flexibook.controller.FlexiBookController, count=16
Event: 9266.735 Thread 0x00007fc5bf80d000 redefined class name=ca.mcgill.ecse223.flexibook.controller.FlexiBookController, count=17
Event: 9621.330 Thread 0x00007fc5bf80d000 redefined class name=ca.mcgill.ecse223.flexibook.controller.FlexiBookController, count=18
Event: 9679.992 Thread 0x00007fc5bf80d000 redefined class name=ca.mcgill.ecse223.flexibook.controller.FlexiBookController, count=19
Event: 10382.980 Thread 0x00007fc5bf80d000 redefined class name=ca.mcgill.ecse.flexibook.features.CucumberStepDefinitions, count=4
Event: 10606.121 Thread 0x00007fc5bf80d000 redefined class name=ca.mcgill.ecse.flexibook.features.CucumberStepDefinitions, count=5
Event: 10606.133 Thread 0x00007fc5bf80d000 redefined class name=ca.mcgill.ecse223.flexibook.controller.FlexiBookController, count=20

Internal exceptions (10 events):
Event: 2.589 Thread 0x00007fc5c000a800 Exception <a 'java/lang/NoSuchMethodError': java.lang.Object.lambda$or$2(Ljava/util/function/Predicate;Ljava/lang/Object;)Z> (0x0000000795eb5d68) thrown at [/Users/java_re/workspace/8-2-build-macosx-x86_64/jdk8u221/13320/hotspot/src/share/vm/interpreter/l
Event: 2.603 Thread 0x00007fc5c000a800 Exception <a 'java/lang/IncompatibleClassChangeError': Found class java.lang.Object, but interface was expected> (0x0000000795fb7c78) thrown at [/Users/java_re/workspace/8-2-build-macosx-x86_64/jdk8u221/13320/hotspot/src/share/vm/interpreter/linkResolver.
Event: 2.610 Thread 0x00007fc5c000a800 Exception <a 'java/lang/NoSuchMethodError': java.lang.Object.lambda$accept$0(Lorg/junit/platform/engine/TestDescriptor$Visitor;Lorg/junit/platform/engine/TestDescriptor;)V> (0x0000000796080ce0) thrown at [/Users/java_re/workspace/8-2-build-macosx-x86_64/j
Event: 2.613 Thread 0x00007fc5c000a800 Exception <a 'java/lang/NoSuchMethodError': java.lang.Object.containsTests(Lorg/junit/platform/engine/TestDescriptor;)Z> (0x0000000796094988) thrown at [/Users/java_re/workspace/8-2-build-macosx-x86_64/jdk8u221/13320/hotspot/src/share/vm/interpreter/linkR
Event: 2.662 Thread 0x00007fc5c000a800 Exception <a 'java/lang/IncompatibleClassChangeError': Found class java.lang.Object, but interface was expected> (0x00000007962cfe38) thrown at [/Users/java_re/workspace/8-2-build-macosx-x86_64/jdk8u221/13320/hotspot/src/share/vm/interpreter/linkResolver.
Event: 2.822 Thread 0x00007fc5c000a800 Exception <a 'java/lang/IncompatibleClassChangeError': Found class java.lang.Object, but interface was expected> (0x0000000796b2e658) thrown at [/Users/java_re/workspace/8-2-build-macosx-x86_64/jdk8u221/13320/hotspot/src/share/vm/interpreter/linkResolver.
Event: 2.847 Thread 0x00007fc5c000a800 Exception <a 'java/lang/NoSuchMethodError': java.lang.Object.lambda$comparingInt$7b0bb60$1(Ljava/util/function/ToIntFunction;Ljava/lang/Object;Ljava/lang/Object;)I> (0x0000000796cf8ed0) thrown at [/Users/java_re/workspace/8-2-build-macosx-x86_64/jdk8u221/
Event: 2.878 Thread 0x00007fc5c000a800 Exception <a 'java/lang/NoSuchMethodError': java.lang.Object.lambda$thenComparing$36697e65$1(Ljava/util/Comparator;Ljava/lang/Object;Ljava/lang/Object;)I> (0x0000000796d05598) thrown at [/Users/java_re/workspace/8-2-build-macosx-x86_64/jdk8u221/13320/hots
Event: 3.306 Thread 0x00007fc5c000a800 Exception <a 'java/lang/NoSuchMethodError': java.lang.Object.lambda$maxBy$1(Ljava/util/Comparator;Ljava/lang/Object;Ljava/lang/Object;)Ljava/lang/Object;> (0x00000007963c5cd0) thrown at [/Users/java_re/workspace/8-2-build-macosx-x86_64/jdk8u221/13320/hots
Event: 3.379 Thread 0x00007fc5c000a800 Exception <a 'java/lang/NoSuchMethodError': <clinit>> (0x0000000796662a30) thrown at [/Users/java_re/workspace/8-2-build-macosx-x86_64/jdk8u221/13320/hotspot/src/share/vm/prims/jni.cpp, line 1614]

Events (10 events):
Event: 10606.134 Executing VM operation: RedefineClasses done
Event: 10606.159 Executing VM operation: ChangeBreakpoints
Event: 10606.160 Executing VM operation: ChangeBreakpoints done
Event: 10606.210 Executing VM operation: ChangeBreakpoints
Event: 10606.212 Executing VM operation: ChangeBreakpoints done
Event: 10607.603 Executing VM operation: GetOwnedMonitorInfo
Event: 10607.603 Executing VM operation: GetOwnedMonitorInfo done
Event: 10607.603 Executing VM operation: GetCurrentContendedMonitor
Event: 10607.603 Executing VM operation: GetCurrentContendedMonitor done
Event: 10623.960 Executing VM operation: CollectForMetadataAllocation


Dynamic libraries:
0x00007fff34f3a000 	/System/Library/Frameworks/Cocoa.framework/Versions/A/Cocoa
0x00007fff42731000 	/System/Library/Frameworks/Security.framework/Versions/A/Security
0x00007fff33e9f000 	/System/Library/Frameworks/ApplicationServices.framework/Versions/A/ApplicationServices
0x00007fff6f3ed000 	/usr/lib/libz.1.dylib
0x00007fff6ceb1000 	/usr/lib/libSystem.B.dylib
0x00007fff6ed11000 	/usr/lib/libobjc.A.dylib
0x00007fff35ddc000 	/System/Library/Frameworks/CoreFoundation.framework/Versions/A/CoreFoundation
0x00007fff38499000 	/System/Library/Frameworks/Foundation.framework/Versions/C/Foundation
0x00007fff3308f000 	/System/Library/Frameworks/AppKit.framework/Versions/C/AppKit
0x00007fff358be000 	/System/Library/Frameworks/CoreData.framework/Versions/A/CoreData
0x00007fff66ec7000 	/System/Library/PrivateFrameworks/UIFoundation.framework/Versions/A/UIFoundation
0x00007fff61f5b000 	/System/Library/PrivateFrameworks/RemoteViewServices.framework/Versions/A/RemoteViewServices
0x00007fff69a21000 	/System/Library/PrivateFrameworks/XCTTargetBootstrap.framework/Versions/A/XCTTargetBootstrap
0x00007fff35ca9000 	/System/Library/Frameworks/CoreDisplay.framework/Versions/A/CoreDisplay
0x00007fff3b353000 	/System/Library/Frameworks/Metal.framework/Versions/A/Metal
0x00007fff4ff48000 	/System/Library/PrivateFrameworks/DesktopServicesPriv.framework/Versions/A/DesktopServicesPriv
0x00007fff6dfec000 	/usr/lib/liblangid.dylib
0x00007fff4f1dd000 	/System/Library/PrivateFrameworks/CoreSVG.framework/Versions/A/CoreSVG
0x00007fff650b7000 	/System/Library/PrivateFrameworks/SkyLight.framework/Versions/A/SkyLight
0x00007fff3625d000 	/System/Library/Frameworks/CoreGraphics.framework/Versions/A/CoreGraphics
0x00007fff31a63000 	/System/Library/Frameworks/Accelerate.framework/Versions/A/Accelerate
0x00007fff6f2de000 	/usr/lib/libxml2.2.dylib
0x00007fff5aee6000 	/System/Library/PrivateFrameworks/IconServices.framework/Versions/A/IconServices
0x00007fff38c78000 	/System/Library/Frameworks/IOSurface.framework/Versions/A/IOSurface
0x00007fff6c9db000 	/usr/lib/libDiagnosticMessagesClient.dylib
0x00007fff4fda2000 	/System/Library/PrivateFrameworks/DFRFoundation.framework/Versions/A/DFRFoundation
0x00007fff6dd7b000 	/usr/lib/libicucore.A.dylib
0x00007fff341d1000 	/System/Library/Frameworks/AudioToolbox.framework/Versions/A/AudioToolbox
0x00007fff342b4000 	/System/Library/Frameworks/AudioUnit.framework/Versions/A/AudioUnit
0x00007fff6d0b3000 	/usr/lib/libauto.dylib
0x00007fff4fe44000 	/System/Library/PrivateFrameworks/DataDetectorsCore.framework/Versions/A/DataDetectorsCore
0x00007fff34a5b000 	/System/Library/Frameworks/Carbon.framework/Versions/A/Frameworks/HIToolbox.framework/Versions/A/HIToolbox
0x00007fff4192b000 	/System/Library/Frameworks/QuartzCore.framework/Versions/A/QuartzCore
0x00007fff34d9a000 	/System/Library/Frameworks/Carbon.framework/Versions/A/Frameworks/SpeechRecognition.framework/Versions/A/SpeechRecognition
0x00007fff4f8b6000 	/System/Library/PrivateFrameworks/CoreUI.framework/Versions/A/CoreUI
0x00007fff35329000 	/System/Library/Frameworks/CoreAudio.framework/Versions/A/CoreAudio
0x00007fff38158000 	/System/Library/Frameworks/DiskArbitration.framework/Versions/A/DiskArbitration
0x00007fff5cf36000 	/System/Library/PrivateFrameworks/MultitouchSupport.framework/Versions/A/MultitouchSupport
0x00007fff6dc42000 	/usr/lib/libenergytrace.dylib
0x00007fff38bd2000 	/System/Library/Frameworks/IOKit.framework/Versions/A/IOKit
0x00007fff371c4000 	/System/Library/Frameworks/CoreServices.framework/Versions/A/CoreServices
0x00007fff5f0ee000 	/System/Library/PrivateFrameworks/PerformanceAnalysis.framework/Versions/A/PerformanceAnalysis
0x00007fff4095e000 	/System/Library/Frameworks/OpenGL.framework/Versions/A/OpenGL
0x00007fff34f48000 	/System/Library/Frameworks/ColorSync.framework/Versions/A/ColorSync
0x00007fff368e0000 	/System/Library/Frameworks/CoreImage.framework/Versions/A/CoreImage
0x00007fff37c37000 	/System/Library/Frameworks/CoreText.framework/Versions/A/CoreText
0x00007fff38d08000 	/System/Library/Frameworks/ImageIO.framework/Versions/A/ImageIO
0x00007fff6d197000 	/usr/lib/libc++.1.dylib
0x00007fff6d213000 	/usr/lib/libcompression.dylib
0x00007fff6cd1f000 	/usr/lib/libMobileGestalt.dylib
0x00007fff66c31000 	/System/Library/PrivateFrameworks/TextureIO.framework/Versions/A/TextureIO
0x00007fff6d016000 	/usr/lib/libate.dylib
0x00007fff5b0ef000 	/System/Library/PrivateFrameworks/InternationalSupport.framework/Versions/A/InternationalSupport
0x00007fff6fcae000 	/usr/lib/system/libcache.dylib
0x00007fff6fcb4000 	/usr/lib/system/libcommonCrypto.dylib
0x00007fff6fcc0000 	/usr/lib/system/libcompiler_rt.dylib
0x00007fff6fcc8000 	/usr/lib/system/libcopyfile.dylib
0x00007fff6fcd2000 	/usr/lib/system/libcorecrypto.dylib
0x00007fff6fe71000 	/usr/lib/system/libdispatch.dylib
0x00007fff6feb2000 	/usr/lib/system/libdyld.dylib
0x00007fff6fee9000 	/usr/lib/system/libkeymgr.dylib
0x00007fff6fef7000 	/usr/lib/system/liblaunch.dylib
0x00007fff6fef8000 	/usr/lib/system/libmacho.dylib
0x00007fff6fefe000 	/usr/lib/system/libquarantine.dylib
0x00007fff6ff01000 	/usr/lib/system/libremovefile.dylib
0x00007fff6ff03000 	/usr/lib/system/libsystem_asl.dylib
0x00007fff6ff1b000 	/usr/lib/system/libsystem_blocks.dylib
0x00007fff6ff1c000 	/usr/lib/system/libsystem_c.dylib
0x00007fff6ffa4000 	/usr/lib/system/libsystem_configuration.dylib
0x00007fff6ffa8000 	/usr/lib/system/libsystem_coreservices.dylib
0x00007fff6ffac000 	/usr/lib/system/libsystem_darwin.dylib
0x00007fff6ffb5000 	/usr/lib/system/libsystem_dnssd.dylib
0x00007fff6ffbd000 	/usr/lib/system/libsystem_featureflags.dylib
0x00007fff6ffbf000 	/usr/lib/system/libsystem_info.dylib
0x00007fff7003a000 	/usr/lib/system/libsystem_m.dylib
0x00007fff70082000 	/usr/lib/system/libsystem_malloc.dylib
0x00007fff700aa000 	/usr/lib/system/libsystem_networkextension.dylib
0x00007fff700b8000 	/usr/lib/system/libsystem_notify.dylib
0x00007fff700d6000 	/usr/lib/system/libsystem_sandbox.dylib
0x00007fff700db000 	/usr/lib/system/libsystem_secinit.dylib
0x00007fff7000d000 	/usr/lib/system/libsystem_kernel.dylib
0x00007fff700c2000 	/usr/lib/system/libsystem_platform.dylib
0x00007fff700cb000 	/usr/lib/system/libsystem_pthread.dylib
0x00007fff700de000 	/usr/lib/system/libsystem_symptoms.dylib
0x00007fff700e6000 	/usr/lib/system/libsystem_trace.dylib
0x00007fff700fe000 	/usr/lib/system/libunwind.dylib
0x00007fff70104000 	/usr/lib/system/libxpc.dylib
0x00007fff6d1ea000 	/usr/lib/libc++abi.dylib
0x00007fff6dfee000 	/usr/lib/liblzma.5.dylib
0x00007fff6dc69000 	/usr/lib/libfakelink.dylib
0x00007fff6cfa3000 	/usr/lib/libarchive.2.dylib
0x00007fff437e2000 	/System/Library/Frameworks/SystemConfiguration.framework/Versions/A/SystemConfiguration
0x00007fff6c90e000 	/usr/lib/libCRFSuite.dylib
0x00007fff3464b000 	/System/Library/Frameworks/CFNetwork.framework/Versions/A/CFNetwork
0x00007fff6d179000 	/usr/lib/libbsm.0.dylib
0x00007fff6feea000 	/usr/lib/system/libkxld.dylib
0x00007fff4971f000 	/System/Library/PrivateFrameworks/AppleFSCompression.framework/Versions/A/AppleFSCompression
0x00007fff6d504000 	/usr/lib/libcoretls.dylib
0x00007fff6d51b000 	/usr/lib/libcoretls_cfhelpers.dylib
0x00007fff6ed57000 	/usr/lib/libpam.2.dylib
0x00007fff6ee8c000 	/usr/lib/libsqlite3.dylib
0x00007fff6f2cb000 	/usr/lib/libxar.1.dylib
0x00007fff6d18a000 	/usr/lib/libbz2.1.0.dylib
0x00007fff6dc8a000 	/usr/lib/libiconv.2.dylib
0x00007fff6d200000 	/usr/lib/libcharset.1.dylib
0x00007fff6e7f4000 	/usr/lib/libnetwork.dylib
0x00007fff6ed5e000 	/usr/lib/libpcap.A.dylib
0x00007fff6cf58000 	/usr/lib/libapple_nghttp2.dylib
0x00007fff3757b000 	/System/Library/Frameworks/CoreServices.framework/Versions/A/Frameworks/FSEvents.framework/Versions/A/FSEvents
0x00007fff3724b000 	/System/Library/Frameworks/CoreServices.framework/Versions/A/Frameworks/CarbonCore.framework/Versions/A/CarbonCore
0x00007fff377bf000 	/System/Library/Frameworks/CoreServices.framework/Versions/A/Frameworks/Metadata.framework/Versions/A/Metadata
0x00007fff37858000 	/System/Library/Frameworks/CoreServices.framework/Versions/A/Frameworks/OSServices.framework/Versions/A/OSServices
0x00007fff37886000 	/System/Library/Frameworks/CoreServices.framework/Versions/A/Frameworks/SearchKit.framework/Versions/A/SearchKit
0x00007fff371c5000 	/System/Library/Frameworks/CoreServices.framework/Versions/A/Frameworks/AE.framework/Versions/A/AE
0x00007fff37584000 	/System/Library/Frameworks/CoreServices.framework/Versions/A/Frameworks/LaunchServices.framework/Versions/A/LaunchServices
0x00007fff3752d000 	/System/Library/Frameworks/CoreServices.framework/Versions/A/Frameworks/DictionaryServices.framework/Versions/A/DictionaryServices
0x00007fff378ee000 	/System/Library/Frameworks/CoreServices.framework/Versions/A/Frameworks/SharedFileList.framework/Versions/A/SharedFileList
0x00007fff3c77d000 	/System/Library/Frameworks/NetFS.framework/Versions/A/NetFS
0x00007fff5d466000 	/System/Library/PrivateFrameworks/NetAuth.framework/Versions/A/NetAuth
0x00007fff69dee000 	/System/Library/PrivateFrameworks/login.framework/Versions/A/Frameworks/loginsupport.framework/Versions/A/loginsupport
0x00007fff666fc000 	/System/Library/PrivateFrameworks/TCC.framework/Versions/A/TCC
0x00007fff4e350000 	/System/Library/PrivateFrameworks/CoreNLP.framework/Versions/A/CoreNLP
0x00007fff5c963000 	/System/Library/PrivateFrameworks/MetadataUtilities.framework/Versions/A/MetadataUtilities
0x00007fff6e0c6000 	/usr/lib/libmecabra.dylib
0x00007fff6e01e000 	/usr/lib/libmecab.dylib
0x00007fff6dc7a000 	/usr/lib/libgermantok.dylib
0x00007fff6cf3f000 	/usr/lib/libThaiTokenizer.dylib
0x00007fff6c945000 	/usr/lib/libChineseTokenizer.dylib
0x00007fff31a7b000 	/System/Library/Frameworks/Accelerate.framework/Versions/A/Frameworks/vImage.framework/Versions/A/vImage
0x00007fff32ee5000 	/System/Library/Frameworks/Accelerate.framework/Versions/A/Frameworks/vecLib.framework/Versions/A/vecLib
0x00007fff32e22000 	/System/Library/Frameworks/Accelerate.framework/Versions/A/Frameworks/vecLib.framework/Versions/A/libvMisc.dylib
0x00007fff32c4a000 	/System/Library/Frameworks/Accelerate.framework/Versions/A/Frameworks/vecLib.framework/Versions/A/libvDSP.dylib
0x00007fff320d2000 	/System/Library/Frameworks/Accelerate.framework/Versions/A/Frameworks/vecLib.framework/Versions/A/libBLAS.dylib
0x00007fff3280e000 	/System/Library/Frameworks/Accelerate.framework/Versions/A/Frameworks/vecLib.framework/Versions/A/libLAPACK.dylib
0x00007fff32baa000 	/System/Library/Frameworks/Accelerate.framework/Versions/A/Frameworks/vecLib.framework/Versions/A/libLinearAlgebra.dylib
0x00007fff32c37000 	/System/Library/Frameworks/Accelerate.framework/Versions/A/Frameworks/vecLib.framework/Versions/A/libSparseBLAS.dylib
0x00007fff32bc0000 	/System/Library/Frameworks/Accelerate.framework/Versions/A/Frameworks/vecLib.framework/Versions/A/libQuadrature.dylib
0x00007fff3233a000 	/System/Library/Frameworks/Accelerate.framework/Versions/A/Frameworks/vecLib.framework/Versions/A/libBNNS.dylib
0x00007fff32bc6000 	/System/Library/Frameworks/Accelerate.framework/Versions/A/Frameworks/vecLib.framework/Versions/A/libSparse.dylib
0x00007fff5b4d7000 	/System/Library/PrivateFrameworks/LanguageModeling.framework/Versions/A/LanguageModeling
0x00007fff4dd00000 	/System/Library/PrivateFrameworks/CoreEmoji.framework/Versions/A/CoreEmoji
0x00007fff5b5f5000 	/System/Library/PrivateFrameworks/LinguisticData.framework/Versions/A/LinguisticData
0x00007fff5b5a6000 	/System/Library/PrivateFrameworks/Lexicon.framework/Versions/A/Lexicon
0x00007fff6d201000 	/usr/lib/libcmph.dylib
0x00007fff3f36c000 	/System/Library/Frameworks/OpenDirectory.framework/Versions/A/Frameworks/CFOpenDirectory.framework/Versions/A/CFOpenDirectory
0x00007fff3f389000 	/System/Library/Frameworks/OpenDirectory.framework/Versions/A/OpenDirectory
0x00007fff477cc000 	/System/Library/PrivateFrameworks/APFS.framework/Versions/A/APFS
0x00007fff42a7b000 	/System/Library/Frameworks/SecurityFoundation.framework/Versions/A/SecurityFoundation
0x00007fff6f2c7000 	/usr/lib/libutil.dylib
0x00007fff4f235000 	/System/Library/PrivateFrameworks/CoreServicesStore.framework/Versions/A/CoreServicesStore
0x00007fff42b32000 	/System/Library/Frameworks/ServiceManagement.framework/Versions/A/ServiceManagement
0x00007fff4aeef000 	/System/Library/PrivateFrameworks/BackgroundTaskManagement.framework/Versions/A/BackgroundTaskManagement
0x00007fff6f3c4000 	/usr/lib/libxslt.1.dylib
0x00007fff49d92000 	/System/Library/PrivateFrameworks/AppleSystemInfo.framework/Versions/A/AppleSystemInfo
0x00007fff38f23000 	/System/Library/Frameworks/ImageIO.framework/Versions/A/Resources/libJPEG.dylib
0x00007fff391e1000 	/System/Library/Frameworks/ImageIO.framework/Versions/A/Resources/libTIFF.dylib
0x00007fff391c4000 	/System/Library/Frameworks/ImageIO.framework/Versions/A/Resources/libPng.dylib
0x00007fff38e65000 	/System/Library/Frameworks/ImageIO.framework/Versions/A/Resources/libGIF.dylib
0x00007fff38e69000 	/System/Library/Frameworks/ImageIO.framework/Versions/A/Resources/libJP2.dylib
0x00007fff391df000 	/System/Library/Frameworks/ImageIO.framework/Versions/A/Resources/libRadiance.dylib
0x00007fff6dc43000 	/usr/lib/libexpat.1.dylib
0x00007fff4987a000 	/System/Library/PrivateFrameworks/AppleJPEG.framework/Versions/A/AppleJPEG
0x00007fff5254b000 	/System/Library/PrivateFrameworks/FontServices.framework/libFontParser.dylib
0x00007fff68df0000 	/System/Library/PrivateFrameworks/WatchdogClient.framework/Versions/A/WatchdogClient
0x00007fff5ab32000 	/System/Library/PrivateFrameworks/IOAccelerator.framework/Versions/A/IOAccelerator
0x00007fff3b6ee000 	/System/Library/Frameworks/MetalPerformanceShaders.framework/Versions/A/MetalPerformanceShaders
0x00007fff572c8000 	/System/Library/PrivateFrameworks/GPUWrangler.framework/Versions/A/GPUWrangler
0x00007fff5ab47000 	/System/Library/PrivateFrameworks/IOPresentment.framework/Versions/A/IOPresentment
0x00007fff4fdb5000 	/System/Library/PrivateFrameworks/DSExternalDisplay.framework/Versions/A/DSExternalDisplay
0x00007fff3fcfd000 	/System/Library/Frameworks/OpenGL.framework/Versions/A/Libraries/libCoreFSCache.dylib
0x00007fff3b43a000 	/System/Library/Frameworks/MetalPerformanceShaders.framework/Frameworks/MPSCore.framework/Versions/A/MPSCore
0x00007fff3b478000 	/System/Library/Frameworks/MetalPerformanceShaders.framework/Frameworks/MPSImage.framework/Versions/A/MPSImage
0x00007fff3b53f000 	/System/Library/Frameworks/MetalPerformanceShaders.framework/Frameworks/MPSNeuralNetwork.framework/Versions/A/MPSNeuralNetwork
0x00007fff3b503000 	/System/Library/Frameworks/MetalPerformanceShaders.framework/Frameworks/MPSMatrix.framework/Versions/A/MPSMatrix
0x00007fff3b69e000 	/System/Library/Frameworks/MetalPerformanceShaders.framework/Frameworks/MPSRayIntersector.framework/Versions/A/MPSRayIntersector
0x00007fff3b529000 	/System/Library/Frameworks/MetalPerformanceShaders.framework/Frameworks/MPSNDArray.framework/Versions/A/MPSNDArray
0x00007fff5c9b0000 	/System/Library/PrivateFrameworks/MetalTools.framework/Versions/A/MetalTools
0x00007fff489a6000 	/System/Library/PrivateFrameworks/AggregateDictionary.framework/Versions/A/AggregateDictionary
0x00007fff4d748000 	/System/Library/PrivateFrameworks/CoreAnalytics.framework/Versions/A/CoreAnalytics
0x00007fff49cb1000 	/System/Library/PrivateFrameworks/AppleSauce.framework/Versions/A/AppleSauce
0x00007fff6cc01000 	/usr/lib/libIOReport.dylib
0x00007fff37def000 	/System/Library/Frameworks/CoreVideo.framework/Versions/A/CoreVideo
0x00007fff58741000 	/System/Library/PrivateFrameworks/GraphVisualizer.framework/Versions/A/GraphVisualizer
0x00007fff51a91000 	/System/Library/PrivateFrameworks/FaceCore.framework/Versions/A/FaceCore
0x00007fff3f313000 	/System/Library/Frameworks/OpenCL.framework/Versions/A/OpenCL
0x00007fff6ca23000 	/usr/lib/libFosl_dynamic.dylib
0x00007fff5de86000 	/System/Library/PrivateFrameworks/OTSVG.framework/Versions/A/OTSVG
0x00007fff33fa4000 	/System/Library/Frameworks/ApplicationServices.framework/Versions/A/Frameworks/ATS.framework/Versions/A/Resources/libFontRegistry.dylib
0x00007fff5271c000 	/System/Library/PrivateFrameworks/FontServices.framework/libhvf.dylib
0x00007fff3fd08000 	/System/Library/Frameworks/OpenGL.framework/Versions/A/Libraries/libGFXShared.dylib
0x00007fff3fee6000 	/System/Library/Frameworks/OpenGL.framework/Versions/A/Libraries/libGLU.dylib
0x00007fff3fd11000 	/System/Library/Frameworks/OpenGL.framework/Versions/A/Libraries/libGL.dylib
0x00007fff3fd1c000 	/System/Library/Frameworks/OpenGL.framework/Versions/A/Libraries/libGLImage.dylib
0x00007fff3fcfa000 	/System/Library/Frameworks/OpenGL.framework/Versions/A/Libraries/libCVMSPluginSupport.dylib
0x00007fff3fd03000 	/System/Library/Frameworks/OpenGL.framework/Versions/A/Libraries/libCoreVMClient.dylib
0x00007fff6e695000 	/usr/lib/libncurses.5.4.dylib
0x00007fff33ea0000 	/System/Library/Frameworks/ApplicationServices.framework/Versions/A/Frameworks/ATS.framework/Versions/A/ATS
0x00007fff3406d000 	/System/Library/Frameworks/ApplicationServices.framework/Versions/A/Frameworks/ColorSyncLegacy.framework/Versions/A/ColorSyncLegacy
0x00007fff3410b000 	/System/Library/Frameworks/ApplicationServices.framework/Versions/A/Frameworks/HIServices.framework/Versions/A/HIServices
0x00007fff34163000 	/System/Library/Frameworks/ApplicationServices.framework/Versions/A/Frameworks/LangAnalysis.framework/Versions/A/LangAnalysis
0x00007fff34172000 	/System/Library/Frameworks/ApplicationServices.framework/Versions/A/Frameworks/PrintCore.framework/Versions/A/PrintCore
0x00007fff341b8000 	/System/Library/Frameworks/ApplicationServices.framework/Versions/A/Frameworks/QD.framework/Versions/A/QD
0x00007fff341c3000 	/System/Library/Frameworks/ApplicationServices.framework/Versions/A/Frameworks/SpeechSynthesis.framework/Versions/A/SpeechSynthesis
0x00007fff3403d000 	/System/Library/Frameworks/ApplicationServices.framework/Versions/A/Frameworks/ATSUI.framework/Versions/A/ATSUI
0x00007fff6dad9000 	/usr/lib/libcups.2.dylib
0x00007fff3a789000 	/System/Library/Frameworks/Kerberos.framework/Versions/A/Kerberos
0x00007fff388cb000 	/System/Library/Frameworks/GSS.framework/Versions/A/GSS
0x00007fff6ee18000 	/usr/lib/libresolv.9.dylib
0x00007fff588ee000 	/System/Library/PrivateFrameworks/Heimdal.framework/Versions/A/Heimdal
0x00007fff3a79c000 	/System/Library/Frameworks/Kerberos.framework/Versions/A/Libraries/libHeimdalProxy.dylib
0x00007fff6dc80000 	/usr/lib/libheimdal-asn1.dylib
0x00007fff4cbe0000 	/System/Library/PrivateFrameworks/CommonAuth.framework/Versions/A/CommonAuth
0x00007fff49e2f000 	/System/Library/PrivateFrameworks/AssertionServices.framework/Versions/A/AssertionServices
0x00007fff4a9d2000 	/System/Library/PrivateFrameworks/AudioToolboxCore.framework/Versions/A/AudioToolboxCore
0x00007fff69a9e000 	/System/Library/PrivateFrameworks/caulk.framework/Versions/A/caulk
0x00007fff4af9b000 	/System/Library/PrivateFrameworks/BaseBoard.framework/Versions/A/BaseBoard
0x00007fff620e9000 	/System/Library/PrivateFrameworks/RunningBoardServices.framework/Versions/A/RunningBoardServices
0x00007fff5f0fa000 	/System/Library/PrivateFrameworks/PersistentConnection.framework/Versions/A/PersistentConnection
0x00007fff61ae2000 	/System/Library/PrivateFrameworks/ProtocolBuffer.framework/Versions/A/ProtocolBuffer
0x00007fff4cc04000 	/System/Library/PrivateFrameworks/CommonUtilities.framework/Versions/A/CommonUtilities
0x00007fff4b129000 	/System/Library/PrivateFrameworks/Bom.framework/Versions/A/Bom
0x00007fff6c8d4000 	/usr/lib/libAudioToolboxUtility.dylib
0x00007fff4aef9000 	/System/Library/PrivateFrameworks/Backup.framework/Versions/A/Backup
0x00007fff4fcd6000 	/System/Library/PrivateFrameworks/CrashReporterSupport.framework/Versions/A/CrashReporterSupport
0x00007fff63b7b000 	/System/Library/PrivateFrameworks/Sharing.framework/Versions/A/Sharing
0x00007fff4943d000 	/System/Library/PrivateFrameworks/Apple80211.framework/Versions/A/Apple80211
0x00007fff4ac16000 	/System/Library/PrivateFrameworks/AuthKit.framework/Versions/A/AuthKit
0x00007fff4f9e3000 	/System/Library/PrivateFrameworks/CoreUtils.framework/Versions/A/CoreUtils
0x00007fff37e34000 	/System/Library/Frameworks/CoreWLAN.framework/Versions/A/CoreWLAN
0x00007fff38a58000 	/System/Library/Frameworks/IOBluetooth.framework/Versions/A/IOBluetooth
0x00007fff5ccb5000 	/System/Library/PrivateFrameworks/MobileKeyBag.framework/Versions/A/MobileKeyBag
0x00007fff4e7e8000 	/System/Library/PrivateFrameworks/CorePhoneNumbers.framework/Versions/A/CorePhoneNumbers
0x00007fff4982d000 	/System/Library/PrivateFrameworks/AppleIDAuthSupport.framework/Versions/A/AppleIDAuthSupport
0x00007fff3c78a000 	/System/Library/Frameworks/Network.framework/Versions/A/Network
0x00007fff5b383000 	/System/Library/PrivateFrameworks/KeychainCircle.framework/Versions/A/KeychainCircle
0x00007fff35885000 	/System/Library/Frameworks/CoreBluetooth.framework/Versions/A/CoreBluetooth
0x00007fff65bfa000 	/System/Library/PrivateFrameworks/SpeechRecognitionCore.framework/Versions/A/SpeechRecognitionCore
0x0000000105000000 	/Library/Java/JavaVirtualMachines/jdk1.8.0_221.jdk/Contents/Home/jre/lib/server/libjvm.dylib
0x00007fff6f19a000 	/usr/lib/libstdc++.6.dylib
0x0000000104787000 	/Library/Java/JavaVirtualMachines/jdk1.8.0_221.jdk/Contents/Home/jre/lib/libverify.dylib
0x0000000104795000 	/Library/Java/JavaVirtualMachines/jdk1.8.0_221.jdk/Contents/Home/jre/lib/libjava.dylib
0x0000000105fb9000 	/Library/Java/JavaVirtualMachines/jdk1.8.0_221.jdk/Contents/Home/jre/lib/libjdwp.dylib
0x00000001047cc000 	/Library/Java/JavaVirtualMachines/jdk1.8.0_221.jdk/Contents/Home/jre/lib/libnpt.dylib
0x00000001047d0000 	/Library/Java/JavaVirtualMachines/jdk1.8.0_221.jdk/Contents/Home/jre/lib/libinstrument.dylib
0x0000000106044000 	/Library/Java/JavaVirtualMachines/jdk1.8.0_221.jdk/Contents/Home/jre/lib/libzip.dylib
0x000000010d420000 	/Library/Java/JavaVirtualMachines/jdk1.8.0_221.jdk/Contents/Home/jre/lib/libdt_socket.dylib
0x000000010d547000 	/Library/Java/JavaVirtualMachines/jdk1.8.0_221.jdk/Contents/Home/jre/lib/libnet.dylib
0x000000010d75e000 	/Library/Java/JavaVirtualMachines/jdk1.8.0_221.jdk/Contents/Home/jre/lib/libnio.dylib

VM Arguments:
jvm_args: -agentlib:jdwp=transport=dt_socket,suspend=y,address=localhost:52739 -ea -javaagent:/Applications/Eclipse.app/Contents/Eclipse/configuration/org.eclipse.osgi/219/0/.cp/lib/javaagent-shaded.jar -Dfile.encoding=UTF-8 
java_command: org.eclipse.jdt.internal.junit.runner.RemoteTestRunner -version 3 -port 52738 -testLoaderClass org.eclipse.jdt.internal.junit5.runner.JUnit5TestLoader -loaderpluginname org.eclipse.jdt.junit5.runtime -test ca.mcgill.ecse.flexibook.features.CucumberFeaturesTestRunner:Appointment management process -uniqueId [engine:junit-vintage]/[runner:ca.mcgill.ecse.flexibook.features.CucumberFeaturesTestRunner]/[test:rO0ABXNyAClpby5jdWN1bWJlci5qdW5pdC5GZWF0dXJlUnVubmVyJEZlYXR1cmVJZAAAAAAAAAABAgABTAADdXJpdAAOTGphdmEvbmV0L1VSSTt4cHNyAAxqYXZhLm5ldC5VUkmsAXguQ55JqwMAAUwABnN0cmluZ3QAEkxqYXZhL2xhbmcvU3RyaW5nO3hwdAB9ZmlsZTovLy9Vc2Vycy95YXNtaW5hbWF0dGEvZWNzZTIyMy1ncm91cC1wcm9qZWN0LXA0L2NhLm1jZ2lsbC5lY3NlLmZsZXhpYm9vay9zcmMvdGVzdC9yZXNvdXJjZXMvQXBwb2ludG1lbnRNYW5hZ2VtZW50LmZlYXR1cmV4]
java_class_path (initial): /Users/yasminamatta/ecse223-group-project-p4/ca.mcgill.ecse.flexibook/bin/main:/Users/yasminamatta/ecse223-group-project-p4/ca.mcgill.ecse.flexibook/bin/test:/ca.mcgill.ecse.flexibook/bin/default:/Users/yasminamatta/.gradle/caches/modules-2/files-2.1/com.google.guava/guava/29.0-jre/801142b4c3d0f0770dd29abea50906cacfddd447/guava-29.0-jre.jar:/Users/yasminamatta/.gradle/caches/modules-2/files-2.1/com.google.guava/failureaccess/1.0.1/1dcf1de382a0bf95a3d8b0849546c88bac1292c9/failureaccess-1.0.1.jar:/Users/yasminamatta/.gradle/caches/modules-2/files-2.1/com.google.guava/listenablefuture/9999.0-empty-to-avoid-conflict-with-guava/b421526c5f297295adef1c886e5246c39d4ac629/listenablefuture-9999.0-empty-to-avoid-conflict-with-guava.jar:/Users/yasminamatta/.gradle/caches/modules-2/files-2.1/com.google.code.findbugs/jsr305/3.0.2/25ea2e8b0c338a877313bd4672d3fe056ea78f0d/jsr305-3.0.2.jar:/Users/yasminamatta/.gradle/caches/modules-2/files-2.1/org.checkerframework/checker-qual/2.11.1/8c43bf8f99b841d23aadda6044329dad9b63c185/checker-qual-2.11.1.jar:/Users/yasminamatta/.gradle/caches/modules-2/files-2.1/com.google.errorprone/error_prone_annotations/2.3.4/dac170e4594de319655ffb62f41cbd6dbb5e601e/error_prone_annotations-2.3.4.jar:/Users/yasminamatta/.gradle/caches/modules-2/files-2.1/com.google.j2objc/j2objc-annotations/1.3/ba035118bc8bac37d7eff77700720999acd9986d/j2objc-annotations-1.3.jar:/Users/yasminamatta/.gradle/caches/modules-2/files-2.1/io.cucumber/cucumber-java/6.6.0/a04d1a0090a8c3ef6b675a290d3f6a7940690e1d/cucumber-java-6.6.0.jar:/Users/yasminamatta/.gradle/caches/modules-2/files-2.1/io.cucumber/cucumber-junit/6.6.0/b7a30fdf9a61699421db3fb8bf19a9114c95f667/cucumber-junit-6.6.0.jar:/Users/yasminamatta/.gradle/caches/modules-2/files-2.1/org.junit.platform/junit-platform-commons/1.6.2/7644a14b329e76b5fe487628b50fb5eab6ba7d26/junit-platform-commons-1.6.2.jar:/Users/yasminamatta/.gradle/caches/modules-2/files-2.1/org.junit.jupiter/junit-jupiter-api/5.6.
Launcher Type: SUN_STANDARD

Environment Variables:
PATH=/usr/bin:/bin:/usr/sbin:/sbin
SHELL=/bin/bash

Signal Handlers:
SIGSEGV: [libjvm.dylib+0x5b71a7], sa_mask[0]=11111111011111110111111111111111, sa_flags=SA_ONSTACK|SA_RESTART|SA_SIGINFO
SIGBUS: [libjvm.dylib+0x5b71a7], sa_mask[0]=11111111011111110111111111111111, sa_flags=SA_RESTART|SA_SIGINFO
SIGFPE: [libjvm.dylib+0x48c8fc], sa_mask[0]=11111111011111110111111111111111, sa_flags=SA_RESTART|SA_SIGINFO
SIGPIPE: [libjvm.dylib+0x48c8fc], sa_mask[0]=11111111011111110111111111111111, sa_flags=SA_RESTART|SA_SIGINFO
SIGXFSZ: [libjvm.dylib+0x48c8fc], sa_mask[0]=11111111011111110111111111111111, sa_flags=SA_RESTART|SA_SIGINFO
SIGILL: [libjvm.dylib+0x48c8fc], sa_mask[0]=11111111011111110111111111111111, sa_flags=SA_RESTART|SA_SIGINFO
SIGUSR1: SIG_DFL, sa_mask[0]=00000000000000000000000000000000, sa_flags=none
SIGUSR2: [libjvm.dylib+0x48c41a], sa_mask[0]=00100000000000000000000000000000, sa_flags=SA_RESTART|SA_SIGINFO
SIGHUP: [libjvm.dylib+0x48a9a5], sa_mask[0]=11111111011111110111111111111111, sa_flags=SA_RESTART|SA_SIGINFO
SIGINT: [libjvm.dylib+0x48a9a5], sa_mask[0]=11111111011111110111111111111111, sa_flags=SA_RESTART|SA_SIGINFO
SIGTERM: [libjvm.dylib+0x48a9a5], sa_mask[0]=11111111011111110111111111111111, sa_flags=SA_RESTART|SA_SIGINFO
SIGQUIT: [libjvm.dylib+0x48a9a5], sa_mask[0]=11111111011111110111111111111111, sa_flags=SA_RESTART|SA_SIGINFO


---------------  S Y S T E M  ---------------

OS:Bsduname:Darwin 19.6.0 Darwin Kernel Version 19.6.0: Thu Jun 18 20:49:00 PDT 2020; root:xnu-6153.141.1~1/RELEASE_X86_64 x86_64
rlimit: STACK 8192k, CORE 0k, NPROC 1392, NOFILE 10240, AS infinity
load average:2.67 3.23 3.59

CPU:total 4 (initial active 4) (2 cores per cpu, 2 threads per core) family 6 model 61 stepping 4, cmov, cx8, fxsr, mmx, sse, sse2, sse3, ssse3, sse4.1, sse4.2, popcnt, avx, avx2, aes, clmul, erms, rtm, 3dnowpref, lzcnt, ht, tsc, tscinvbit, bmi1, bmi2, adx

Memory: 4k page, physical 8388608k(27064k free)

/proc/meminfo:


vm_info: Java HotSpot(TM) 64-Bit Server VM (25.221-b11) for bsd-amd64 JRE (1.8.0_221-b11), built on Jul  4 2019 04:36:22 by "java_re" with gcc 4.2.1 (Based on Apple Inc. build 5658) (LLVM build 2336.11.00)

time: Sat Nov 14 14:41:24 2020
timezone: EET
elapsed time: 10624 seconds (0d 2h 57m 4s)

